0 info it worked if it ends with ok
1 verbose cli [ '/usr/local/bin/node',
1 verbose cli   '/usr/local/bin/npm',
1 verbose cli   'run',
1 verbose cli   'coveralls' ]
2 info using npm@2.14.12
3 info using node@v4.2.4
4 verbose run-script [ 'precoveralls', 'coveralls', 'postcoveralls' ]
5 info precoveralls dcman@1.0.0
6 info coveralls dcman@1.0.0
7 verbose unsafe-perm in lifecycle true
8 info dcman@1.0.0 Failed to exec coveralls script
9 verbose stack Error: dcman@1.0.0 coveralls: `npm run-script coverage && node ./node_modules/.bin/coveralls < coverage/lcov.info`
9 verbose stack Exit status 1
9 verbose stack     at EventEmitter.<anonymous> (/usr/local/lib/node_modules/npm/lib/utils/lifecycle.js:214:16)
9 verbose stack     at emitTwo (events.js:87:13)
9 verbose stack     at EventEmitter.emit (events.js:172:7)
9 verbose stack     at ChildProcess.<anonymous> (/usr/local/lib/node_modules/npm/lib/utils/spawn.js:24:14)
9 verbose stack     at emitTwo (events.js:87:13)
9 verbose stack     at ChildProcess.emit (events.js:172:7)
9 verbose stack     at maybeClose (internal/child_process.js:818:16)
9 verbose stack     at Process.ChildProcess._handle.onexit (internal/child_process.js:211:5)
10 verbose pkgid dcman@1.0.0
11 verbose cwd /Users/edwin/andela/checks/checkpoint3/dcman
12 error Darwin 15.3.0
13 error argv "/usr/local/bin/node" "/usr/local/bin/npm" "run" "coveralls"
14 error node v4.2.4
15 error npm  v2.14.12
16 error code ELIFECYCLE
17 error dcman@1.0.0 coveralls: `npm run-script coverage && node ./node_modules/.bin/coveralls < coverage/lcov.info`
17 error Exit status 1
18 error Failed at the dcman@1.0.0 coveralls script 'npm run-script coverage && node ./node_modules/.bin/coveralls < coverage/lcov.info'.
18 error This is most likely a problem with the dcman package,
18 error not with npm itself.
18 error Tell the author that this fails on your system:
18 error     npm run-script coverage && node ./node_modules/.bin/coveralls < coverage/lcov.info
18 error You can get their info via:
18 error     npm owner ls dcman
18 error There is likely additional logging output above.
19 verbose exit [ 1, true ]
